{"level":"info","message":"CRM Service started on port 4008","timestamp":"2026-02-02T12:41:04.729Z"}
{"level":"info","message":"Health check: http://localhost:4008/health","timestamp":"2026-02-02T12:41:04.731Z"}
{"level":"info","message":"API Docs: http://localhost:4008/api-docs","timestamp":"2026-02-02T12:41:04.731Z"}
{"level":"info","message":"Environment: development","timestamp":"2026-02-02T12:41:04.731Z"}
{"level":"info","message":"CRM Service started on port 4008","timestamp":"2026-02-02T12:41:11.638Z"}
{"level":"info","message":"Health check: http://localhost:4008/health","timestamp":"2026-02-02T12:41:11.640Z"}
{"level":"info","message":"API Docs: http://localhost:4008/api-docs","timestamp":"2026-02-02T12:41:11.641Z"}
{"level":"info","message":"Environment: development","timestamp":"2026-02-02T12:41:11.641Z"}
{"level":"info","message":"CRM Service started on port 4008","timestamp":"2026-02-02T12:41:17.802Z"}
{"level":"info","message":"Health check: http://localhost:4008/health","timestamp":"2026-02-02T12:41:17.804Z"}
{"level":"info","message":"API Docs: http://localhost:4008/api-docs","timestamp":"2026-02-02T12:41:17.805Z"}
{"level":"info","message":"Environment: development","timestamp":"2026-02-02T12:41:17.805Z"}
{"level":"info","message":{"ip":"::1","method":"GET","path":"/api-docs","userAgent":"Mozilla/5.0 (Windows NT 10.0; Win64; x64) AppleWebKit/537.36 (KHTML, like Gecko) Chrome/144.0.0.0 Safari/537.36"},"timestamp":"2026-02-02T12:41:23.933Z"}
{"level":"info","message":{"ip":"::1","method":"GET","path":"/favicon.ico","userAgent":"Mozilla/5.0 (Windows NT 10.0; Win64; x64) AppleWebKit/537.36 (KHTML, like Gecko) Chrome/144.0.0.0 Safari/537.36"},"timestamp":"2026-02-02T12:41:24.480Z"}
{"level":"warn","message":"Route non trouvée: GET /favicon.ico","timestamp":"2026-02-02T12:41:24.481Z"}
{"level":"info","message":{"ip":"::1","method":"GET","path":"/api-docs","userAgent":"Mozilla/5.0 (Windows NT 10.0; Win64; x64) AppleWebKit/537.36 (KHTML, like Gecko) Chrome/144.0.0.0 Safari/537.36"},"timestamp":"2026-02-02T12:41:48.830Z"}
{"level":"info","message":"CRM Service started on port 4008","timestamp":"2026-02-02T12:42:16.533Z"}
{"level":"info","message":"Health check: http://localhost:4008/health","timestamp":"2026-02-02T12:42:16.536Z"}
{"level":"info","message":"API Docs: http://localhost:4008/api-docs","timestamp":"2026-02-02T12:42:16.537Z"}
{"level":"info","message":"Environment: development","timestamp":"2026-02-02T12:42:16.537Z"}
{"level":"info","message":"CRM Service started on port 4008","timestamp":"2026-02-02T13:27:52.569Z"}
{"level":"info","message":"Health check: http://localhost:4008/health","timestamp":"2026-02-02T13:27:52.571Z"}
{"level":"info","message":"API Docs: http://localhost:4008/api-docs","timestamp":"2026-02-02T13:27:52.571Z"}
{"level":"info","message":"Environment: development","timestamp":"2026-02-02T13:27:52.572Z"}
{"level":"info","message":"CRM Service started on port 4008","timestamp":"2026-02-02T13:31:47.927Z"}
{"level":"info","message":"Health check: http://localhost:4008/health","timestamp":"2026-02-02T13:31:47.929Z"}
{"level":"info","message":"API Docs: http://localhost:4008/api-docs","timestamp":"2026-02-02T13:31:47.930Z"}
{"level":"info","message":"Environment: development","timestamp":"2026-02-02T13:31:47.930Z"}
{"level":"info","message":"CRM Service started on port 4008","timestamp":"2026-02-02T13:31:59.223Z"}
{"level":"info","message":"Health check: http://localhost:4008/health","timestamp":"2026-02-02T13:31:59.225Z"}
{"level":"info","message":"API Docs: http://localhost:4008/api-docs","timestamp":"2026-02-02T13:31:59.225Z"}
{"level":"info","message":"Environment: development","timestamp":"2026-02-02T13:31:59.225Z"}
{"level":"info","message":"CRM Service started on port 4008","timestamp":"2026-02-02T13:32:26.982Z"}
{"level":"info","message":"Health check: http://localhost:4008/health","timestamp":"2026-02-02T13:32:26.985Z"}
{"level":"info","message":"API Docs: http://localhost:4008/api-docs","timestamp":"2026-02-02T13:32:26.985Z"}
{"level":"info","message":"Environment: development","timestamp":"2026-02-02T13:32:26.986Z"}
{"level":"info","message":"CRM Service started on port 4008","timestamp":"2026-02-02T13:32:28.170Z"}
{"level":"info","message":"Health check: http://localhost:4008/health","timestamp":"2026-02-02T13:32:28.172Z"}
{"level":"info","message":"API Docs: http://localhost:4008/api-docs","timestamp":"2026-02-02T13:32:28.173Z"}
{"level":"info","message":"Environment: development","timestamp":"2026-02-02T13:32:28.173Z"}
{"level":"info","message":"CRM Service started on port 4008","timestamp":"2026-02-02T13:35:06.142Z"}
{"level":"info","message":"Health check: http://localhost:4008/health","timestamp":"2026-02-02T13:35:06.144Z"}
{"level":"info","message":"API Docs: http://localhost:4008/api-docs","timestamp":"2026-02-02T13:35:06.145Z"}
{"level":"info","message":"Environment: development","timestamp":"2026-02-02T13:35:06.145Z"}
{"level":"info","message":"CRM Service started on port 4008","timestamp":"2026-02-02T13:35:39.036Z"}
{"level":"info","message":"Health check: http://localhost:4008/health","timestamp":"2026-02-02T13:35:39.038Z"}
{"level":"info","message":"API Docs: http://localhost:4008/api-docs","timestamp":"2026-02-02T13:35:39.038Z"}
{"level":"info","message":"Environment: development","timestamp":"2026-02-02T13:35:39.038Z"}
{"level":"info","message":"CRM Service started on port 4008","timestamp":"2026-02-02T13:35:50.852Z"}
{"level":"info","message":"Health check: http://localhost:4008/health","timestamp":"2026-02-02T13:35:50.854Z"}
{"level":"info","message":"API Docs: http://localhost:4008/api-docs","timestamp":"2026-02-02T13:35:50.855Z"}
{"level":"info","message":"Environment: development","timestamp":"2026-02-02T13:35:50.855Z"}
{"level":"info","message":"CRM Service started on port 4008","timestamp":"2026-02-02T13:35:58.420Z"}
{"level":"info","message":"Health check: http://localhost:4008/health","timestamp":"2026-02-02T13:35:58.422Z"}
{"level":"info","message":"API Docs: http://localhost:4008/api-docs","timestamp":"2026-02-02T13:35:58.422Z"}
{"level":"info","message":"Environment: development","timestamp":"2026-02-02T13:35:58.422Z"}
{"level":"info","message":"CRM Service started on port 4008","timestamp":"2026-02-02T13:36:07.813Z"}
{"level":"info","message":"Health check: http://localhost:4008/health","timestamp":"2026-02-02T13:36:07.816Z"}
{"level":"info","message":"API Docs: http://localhost:4008/api-docs","timestamp":"2026-02-02T13:36:07.816Z"}
{"level":"info","message":"Environment: development","timestamp":"2026-02-02T13:36:07.816Z"}
{"level":"info","message":"CRM Service started on port 4008","timestamp":"2026-02-02T13:36:09.181Z"}
{"level":"info","message":"Health check: http://localhost:4008/health","timestamp":"2026-02-02T13:36:09.183Z"}
{"level":"info","message":"API Docs: http://localhost:4008/api-docs","timestamp":"2026-02-02T13:36:09.183Z"}
{"level":"info","message":"Environment: development","timestamp":"2026-02-02T13:36:09.184Z"}
{"level":"info","message":"CRM Service started on port 4008","timestamp":"2026-02-02T13:36:14.032Z"}
{"level":"info","message":"Health check: http://localhost:4008/health","timestamp":"2026-02-02T13:36:14.034Z"}
{"level":"info","message":"API Docs: http://localhost:4008/api-docs","timestamp":"2026-02-02T13:36:14.035Z"}
{"level":"info","message":"Environment: development","timestamp":"2026-02-02T13:36:14.035Z"}
{"level":"info","message":"CRM Service started on port 4008","timestamp":"2026-02-02T13:36:46.324Z"}
{"level":"info","message":"Health check: http://localhost:4008/health","timestamp":"2026-02-02T13:36:46.326Z"}
{"level":"info","message":"API Docs: http://localhost:4008/api-docs","timestamp":"2026-02-02T13:36:46.326Z"}
{"level":"info","message":"Environment: development","timestamp":"2026-02-02T13:36:46.326Z"}
{"level":"info","message":"CRM Service started on port 4008","timestamp":"2026-02-02T13:48:03.779Z"}
{"level":"info","message":"Health check: http://localhost:4008/health","timestamp":"2026-02-02T13:48:03.781Z"}
{"level":"info","message":"API Docs: http://localhost:4008/api-docs","timestamp":"2026-02-02T13:48:03.781Z"}
{"level":"info","message":"Environment: development","timestamp":"2026-02-02T13:48:03.781Z"}
{"level":"info","message":"CRM Service started on port 4008","timestamp":"2026-02-02T13:57:19.525Z"}
{"level":"info","message":"Health check: http://localhost:4008/health","timestamp":"2026-02-02T13:57:19.527Z"}
{"level":"info","message":"API Docs: http://localhost:4008/api-docs","timestamp":"2026-02-02T13:57:19.527Z"}
{"level":"info","message":"Environment: development","timestamp":"2026-02-02T13:57:19.527Z"}
{"level":"info","message":"CRM Service started on port 4008","timestamp":"2026-02-02T14:19:50.957Z"}
{"level":"info","message":"Health check: http://localhost:4008/health","timestamp":"2026-02-02T14:19:50.959Z"}
{"level":"info","message":"API Docs: http://localhost:4008/api-docs","timestamp":"2026-02-02T14:19:50.959Z"}
{"level":"info","message":"Environment: development","timestamp":"2026-02-02T14:19:50.960Z"}
{"level":"info","message":"CRM Service started on port 4008","timestamp":"2026-02-02T14:21:09.890Z"}
{"level":"info","message":"Health check: http://localhost:4008/health","timestamp":"2026-02-02T14:21:09.892Z"}
{"level":"info","message":"API Docs: http://localhost:4008/api-docs","timestamp":"2026-02-02T14:21:09.892Z"}
{"level":"info","message":"Environment: development","timestamp":"2026-02-02T14:21:09.892Z"}
{"level":"info","message":"CRM Service started on port 4008","timestamp":"2026-02-02T14:22:04.547Z"}
{"level":"info","message":"Health check: http://localhost:4008/health","timestamp":"2026-02-02T14:22:04.549Z"}
{"level":"info","message":"API Docs: http://localhost:4008/api-docs","timestamp":"2026-02-02T14:22:04.550Z"}
{"level":"info","message":"Environment: development","timestamp":"2026-02-02T14:22:04.550Z"}
{"level":"info","message":"CRM Service started on port 4008","timestamp":"2026-02-02T14:22:27.394Z"}
{"level":"info","message":"Health check: http://localhost:4008/health","timestamp":"2026-02-02T14:22:27.397Z"}
{"level":"info","message":"API Docs: http://localhost:4008/api-docs","timestamp":"2026-02-02T14:22:27.397Z"}
{"level":"info","message":"Environment: development","timestamp":"2026-02-02T14:22:27.398Z"}
{"level":"info","message":"CRM Service started on port 4008","timestamp":"2026-02-02T14:23:54.102Z"}
{"level":"info","message":"Health check: http://localhost:4008/health","timestamp":"2026-02-02T14:23:54.104Z"}
{"level":"info","message":"API Docs: http://localhost:4008/api-docs","timestamp":"2026-02-02T14:23:54.104Z"}
{"level":"info","message":"Environment: development","timestamp":"2026-02-02T14:23:54.105Z"}
{"level":"info","message":"CRM Service started on port 4008","timestamp":"2026-02-02T14:23:56.450Z"}
{"level":"info","message":"Health check: http://localhost:4008/health","timestamp":"2026-02-02T14:23:56.453Z"}
{"level":"info","message":"API Docs: http://localhost:4008/api-docs","timestamp":"2026-02-02T14:23:56.453Z"}
{"level":"info","message":"Environment: development","timestamp":"2026-02-02T14:23:56.454Z"}
{"level":"info","message":"CRM Service started on port 4008","timestamp":"2026-02-02T14:24:00.863Z"}
{"level":"info","message":"Health check: http://localhost:4008/health","timestamp":"2026-02-02T14:24:00.865Z"}
{"level":"info","message":"API Docs: http://localhost:4008/api-docs","timestamp":"2026-02-02T14:24:00.866Z"}
{"level":"info","message":"Environment: development","timestamp":"2026-02-02T14:24:00.866Z"}
{"level":"info","message":"CRM Service started on port 4008","timestamp":"2026-02-02T14:24:15.073Z"}
{"level":"info","message":"Health check: http://localhost:4008/health","timestamp":"2026-02-02T14:24:15.075Z"}
{"level":"info","message":"API Docs: http://localhost:4008/api-docs","timestamp":"2026-02-02T14:24:15.076Z"}
{"level":"info","message":"Environment: development","timestamp":"2026-02-02T14:24:15.076Z"}
{"level":"info","message":"CRM Service started on port 4008","timestamp":"2026-02-02T14:24:26.758Z"}
{"level":"info","message":"Health check: http://localhost:4008/health","timestamp":"2026-02-02T14:24:26.760Z"}
{"level":"info","message":"API Docs: http://localhost:4008/api-docs","timestamp":"2026-02-02T14:24:26.761Z"}
{"level":"info","message":"Environment: development","timestamp":"2026-02-02T14:24:26.761Z"}
{"level":"info","message":"CRM Service started on port 4008","timestamp":"2026-02-02T14:26:28.308Z"}
{"level":"info","message":"Health check: http://localhost:4008/health","timestamp":"2026-02-02T14:26:28.310Z"}
{"level":"info","message":"API Docs: http://localhost:4008/api-docs","timestamp":"2026-02-02T14:26:28.311Z"}
{"level":"info","message":"Environment: development","timestamp":"2026-02-02T14:26:28.311Z"}
{"level":"info","message":"CRM Service started on port 4008","timestamp":"2026-02-02T14:26:31.213Z"}
{"level":"info","message":"Health check: http://localhost:4008/health","timestamp":"2026-02-02T14:26:31.215Z"}
{"level":"info","message":"API Docs: http://localhost:4008/api-docs","timestamp":"2026-02-02T14:26:31.216Z"}
{"level":"info","message":"Environment: development","timestamp":"2026-02-02T14:26:31.216Z"}
{"level":"info","message":"CRM Service started on port 4008","timestamp":"2026-02-02T14:27:17.332Z"}
{"level":"info","message":"Health check: http://localhost:4008/health","timestamp":"2026-02-02T14:27:17.334Z"}
{"level":"info","message":"API Docs: http://localhost:4008/api-docs","timestamp":"2026-02-02T14:27:17.335Z"}
{"level":"info","message":"Environment: development","timestamp":"2026-02-02T14:27:17.335Z"}
{"level":"info","message":"CRM Service started on port 4008","timestamp":"2026-02-02T14:28:51.598Z"}
{"level":"info","message":"Health check: http://localhost:4008/health","timestamp":"2026-02-02T14:28:51.600Z"}
{"level":"info","message":"API Docs: http://localhost:4008/api-docs","timestamp":"2026-02-02T14:28:51.600Z"}
{"level":"info","message":"Environment: development","timestamp":"2026-02-02T14:28:51.601Z"}
{"level":"info","message":"CRM Service started on port 4008","timestamp":"2026-02-02T14:28:54.998Z"}
{"level":"info","message":"Health check: http://localhost:4008/health","timestamp":"2026-02-02T14:28:55.001Z"}
{"level":"info","message":"API Docs: http://localhost:4008/api-docs","timestamp":"2026-02-02T14:28:55.001Z"}
{"level":"info","message":"Environment: development","timestamp":"2026-02-02T14:28:55.001Z"}
{"level":"info","message":"CRM Service started on port 4008","timestamp":"2026-02-02T14:28:56.021Z"}
{"level":"info","message":"Health check: http://localhost:4008/health","timestamp":"2026-02-02T14:28:56.023Z"}
{"level":"info","message":"API Docs: http://localhost:4008/api-docs","timestamp":"2026-02-02T14:28:56.023Z"}
{"level":"info","message":"Environment: development","timestamp":"2026-02-02T14:28:56.023Z"}
{"level":"info","message":"CRM Service started on port 4008","timestamp":"2026-02-02T14:29:34.699Z"}
{"level":"info","message":"Health check: http://localhost:4008/health","timestamp":"2026-02-02T14:29:34.703Z"}
{"level":"info","message":"API Docs: http://localhost:4008/api-docs","timestamp":"2026-02-02T14:29:34.704Z"}
{"level":"info","message":"Environment: development","timestamp":"2026-02-02T14:29:34.704Z"}
{"level":"info","message":"CRM Service started on port 4008","timestamp":"2026-02-02T14:29:36.165Z"}
{"level":"info","message":"Health check: http://localhost:4008/health","timestamp":"2026-02-02T14:29:36.167Z"}
{"level":"info","message":"API Docs: http://localhost:4008/api-docs","timestamp":"2026-02-02T14:29:36.167Z"}
{"level":"info","message":"Environment: development","timestamp":"2026-02-02T14:29:36.168Z"}
{"level":"info","message":"CRM Service started on port 4008","timestamp":"2026-02-02T14:29:50.643Z"}
{"level":"info","message":"Health check: http://localhost:4008/health","timestamp":"2026-02-02T14:29:50.645Z"}
{"level":"info","message":"API Docs: http://localhost:4008/api-docs","timestamp":"2026-02-02T14:29:50.646Z"}
{"level":"info","message":"Environment: development","timestamp":"2026-02-02T14:29:50.646Z"}
{"level":"info","message":"CRM Service started on port 4008","timestamp":"2026-02-02T14:29:51.627Z"}
{"level":"info","message":"Health check: http://localhost:4008/health","timestamp":"2026-02-02T14:29:51.629Z"}
{"level":"info","message":"API Docs: http://localhost:4008/api-docs","timestamp":"2026-02-02T14:29:51.630Z"}
{"level":"info","message":"Environment: development","timestamp":"2026-02-02T14:29:51.630Z"}
{"level":"info","message":{"ip":"::1","method":"GET","path":"/","userAgent":"Mozilla/5.0 (Windows NT 10.0; Win64; x64) AppleWebKit/537.36 (KHTML, like Gecko) Chrome/144.0.0.0 Safari/537.36","userId":"2"},"timestamp":"2026-02-02T14:30:53.160Z"}
{"level":"warn","message":"Route non trouvée: GET /","timestamp":"2026-02-02T14:30:53.162Z"}
{"level":"info","message":{"ip":"::1","method":"GET","path":"/","userAgent":"Mozilla/5.0 (Windows NT 10.0; Win64; x64) AppleWebKit/537.36 (KHTML, like Gecko) Chrome/144.0.0.0 Safari/537.36","userId":"2"},"timestamp":"2026-02-02T14:30:54.211Z"}
{"level":"warn","message":"Route non trouvée: GET /","timestamp":"2026-02-02T14:30:54.212Z"}
{"level":"info","message":{"ip":"::1","method":"GET","path":"/","userAgent":"Mozilla/5.0 (Windows NT 10.0; Win64; x64) AppleWebKit/537.36 (KHTML, like Gecko) Chrome/144.0.0.0 Safari/537.36","userId":"2"},"timestamp":"2026-02-02T14:30:56.239Z"}
{"level":"warn","message":"Route non trouvée: GET /","timestamp":"2026-02-02T14:30:56.240Z"}
{"level":"info","message":{"ip":"::1","method":"GET","path":"/interactions","userAgent":"Mozilla/5.0 (Windows NT 10.0; Win64; x64) AppleWebKit/537.36 (KHTML, like Gecko) Chrome/144.0.0.0 Safari/537.36","userId":"2"},"timestamp":"2026-02-02T14:31:09.377Z"}
{"level":"warn","message":"Route non trouvée: GET /interactions","timestamp":"2026-02-02T14:31:09.378Z"}
{"level":"info","message":{"ip":"::1","method":"GET","path":"/interactions","userAgent":"Mozilla/5.0 (Windows NT 10.0; Win64; x64) AppleWebKit/537.36 (KHTML, like Gecko) Chrome/144.0.0.0 Safari/537.36","userId":"2"},"timestamp":"2026-02-02T14:31:10.422Z"}
{"level":"warn","message":"Route non trouvée: GET /interactions","timestamp":"2026-02-02T14:31:10.422Z"}
{"level":"info","message":{"ip":"::1","method":"GET","path":"/interactions","userAgent":"Mozilla/5.0 (Windows NT 10.0; Win64; x64) AppleWebKit/537.36 (KHTML, like Gecko) Chrome/144.0.0.0 Safari/537.36","userId":"2"},"timestamp":"2026-02-02T14:31:12.436Z"}
{"level":"warn","message":"Route non trouvée: GET /interactions","timestamp":"2026-02-02T14:31:12.437Z"}
